########### array before sorts ###########
0	33.020000	6.350000	79.990000	6.350000	n
1	79.990000	6.350000	79.990000	54.280000	n
2	79.990000	54.280000	33.020000	54.280000	n
3	33.020000	54.280000	33.020000	6.350000	n
Tolerance=0.050000.
*Exact match for i=0 and j=1.
*i point 33.020000	6.350000	79.990000	6.350000	y
*Exact match for i=1 and j=2.
*i point 79.990000	6.350000	79.990000	54.280000	y
*Exact match for i=2 and j=3.
*i point 79.990000	54.280000	33.020000	54.280000	y
########### array after sorts ###########
0	33.020000	6.350000	79.990000	6.350000	y
1	79.990000	6.350000	79.990000	54.280000	y
2	79.990000	54.280000	33.020000	54.280000	y
3	33.020000	54.280000	33.020000	6.350000	y
***************
.BOARD_OUTLINE UNOWNED
1.6
0     33.020000     6.350000     0
0     79.990000     6.350000     0
0     79.990000     54.280000     0
0     33.020000     54.280000     0
0     33.020000     6.350000     0
